[09-May-2020 04:50:15 UTC] PHP Fatal error:  Uncaught Error: Undefined constant 'n' in /Users/joselopez/Local Sites/university/app/public/wp-content/themes/newtheme/index.php:7
Stack trace:
#0 /Users/joselopez/Local Sites/university/app/public/wp-includes/template-loader.php(106): include()
#1 /Users/joselopez/Local Sites/university/app/public/wp-blog-header.php(19): require_once('/Users/joselope...')
#2 /Users/joselopez/Local Sites/university/app/public/index.php(17): require('/Users/joselope...')
#3 {main}
  thrown in /Users/joselopez/Local Sites/university/app/public/wp-content/themes/newtheme/index.php on line 7
[09-May-2020 04:50:35 UTC] PHP Fatal error:  Uncaught Error: Undefined constant 'n' in /Users/joselopez/Local Sites/university/app/public/wp-content/themes/newtheme/index.php:7
Stack trace:
#0 /Users/joselopez/Local Sites/university/app/public/wp-includes/template-loader.php(106): include()
#1 /Users/joselopez/Local Sites/university/app/public/wp-blog-header.php(19): require_once('/Users/joselope...')
#2 /Users/joselopez/Local Sites/university/app/public/index.php(17): require('/Users/joselope...')
#3 {main}
  thrown in /Users/joselopez/Local Sites/university/app/public/wp-content/themes/newtheme/index.php on line 7
[09-May-2020 04:50:36 UTC] PHP Fatal error:  Uncaught Error: Undefined constant 'n' in /Users/joselopez/Local Sites/university/app/public/wp-content/themes/newtheme/index.php:7
Stack trace:
#0 /Users/joselopez/Local Sites/university/app/public/wp-includes/template-loader.php(106): include()
#1 /Users/joselopez/Local Sites/university/app/public/wp-blog-header.php(19): require_once('/Users/joselope...')
#2 /Users/joselopez/Local Sites/university/app/public/index.php(17): require('/Users/joselope...')
#3 {main}
  thrown in /Users/joselopez/Local Sites/university/app/public/wp-content/themes/newtheme/index.php on line 7
[09-May-2020 04:50:37 UTC] PHP Fatal error:  Uncaught Error: Undefined constant 'n' in /Users/joselopez/Local Sites/university/app/public/wp-content/themes/newtheme/index.php:7
Stack trace:
#0 /Users/joselopez/Local Sites/university/app/public/wp-includes/template-loader.php(106): include()
#1 /Users/joselopez/Local Sites/university/app/public/wp-blog-header.php(19): require_once('/Users/joselope...')
#2 /Users/joselopez/Local Sites/university/app/public/index.php(17): require('/Users/joselope...')
#3 {main}
  thrown in /Users/joselopez/Local Sites/university/app/public/wp-content/themes/newtheme/index.php on line 7
[09-May-2020 04:50:37 UTC] PHP Fatal error:  Uncaught Error: Undefined constant 'n' in /Users/joselopez/Local Sites/university/app/public/wp-content/themes/newtheme/index.php:7
Stack trace:
#0 /Users/joselopez/Local Sites/university/app/public/wp-includes/template-loader.php(106): include()
#1 /Users/joselopez/Local Sites/university/app/public/wp-blog-header.php(19): require_once('/Users/joselope...')
#2 /Users/joselopez/Local Sites/university/app/public/index.php(17): require('/Users/joselope...')
#3 {main}
  thrown in /Users/joselopez/Local Sites/university/app/public/wp-content/themes/newtheme/index.php on line 7
[09-May-2020 04:51:36 UTC] PHP Parse error:  syntax error, unexpected '/' in /Users/joselopez/Local Sites/university/app/public/wp-content/themes/newtheme/index.php on line 3
[09-May-2020 04:52:06 UTC] PHP Parse error:  syntax error, unexpected '<' in /Users/joselopez/Local Sites/university/app/public/wp-content/themes/newtheme/index.php on line 3
[09-May-2020 04:52:06 UTC] PHP Parse error:  syntax error, unexpected '<' in /Users/joselopez/Local Sites/university/app/public/wp-content/themes/newtheme/index.php on line 3
[09-May-2020 04:52:07 UTC] PHP Parse error:  syntax error, unexpected '<' in /Users/joselopez/Local Sites/university/app/public/wp-content/themes/newtheme/index.php on line 3
[11-May-2020 06:08:33 UTC] PHP Warning:  Use of undefined constant images - assumed 'images' (this will throw an Error in a future version of PHP) in /Users/joselopez/Local Sites/university/app/public/wp-content/themes/newtheme/index.php on line 76
[11-May-2020 06:08:33 UTC] PHP Stack trace:
[11-May-2020 06:08:33 UTC] PHP   1. {main}() /Users/joselopez/Local Sites/university/app/public/index.php:0
[11-May-2020 06:08:33 UTC] PHP   2. require() /Users/joselopez/Local Sites/university/app/public/index.php:17
[11-May-2020 06:08:33 UTC] PHP   3. require_once() /Users/joselopez/Local Sites/university/app/public/wp-blog-header.php:19
[11-May-2020 06:08:33 UTC] PHP   4. include() /Users/joselopez/Local Sites/university/app/public/wp-includes/template-loader.php:106
[11-May-2020 06:08:33 UTC] PHP Warning:  Use of undefined constant bus - assumed 'bus' (this will throw an Error in a future version of PHP) in /Users/joselopez/Local Sites/university/app/public/wp-content/themes/newtheme/index.php on line 76
[11-May-2020 06:08:33 UTC] PHP Stack trace:
[11-May-2020 06:08:33 UTC] PHP   1. {main}() /Users/joselopez/Local Sites/university/app/public/index.php:0
[11-May-2020 06:08:33 UTC] PHP   2. require() /Users/joselopez/Local Sites/university/app/public/index.php:17
[11-May-2020 06:08:33 UTC] PHP   3. require_once() /Users/joselopez/Local Sites/university/app/public/wp-blog-header.php:19
[11-May-2020 06:08:33 UTC] PHP   4. include() /Users/joselopez/Local Sites/university/app/public/wp-includes/template-loader.php:106
[11-May-2020 06:08:33 UTC] PHP Warning:  A non-numeric value encountered in /Users/joselopez/Local Sites/university/app/public/wp-content/themes/newtheme/index.php on line 76
[11-May-2020 06:08:33 UTC] PHP Stack trace:
[11-May-2020 06:08:33 UTC] PHP   1. {main}() /Users/joselopez/Local Sites/university/app/public/index.php:0
[11-May-2020 06:08:33 UTC] PHP   2. require() /Users/joselopez/Local Sites/university/app/public/index.php:17
[11-May-2020 06:08:33 UTC] PHP   3. require_once() /Users/joselopez/Local Sites/university/app/public/wp-blog-header.php:19
[11-May-2020 06:08:33 UTC] PHP   4. include() /Users/joselopez/Local Sites/university/app/public/wp-includes/template-loader.php:106
[11-May-2020 06:08:33 UTC] PHP Warning:  A non-numeric value encountered in /Users/joselopez/Local Sites/university/app/public/wp-content/themes/newtheme/index.php on line 76
[11-May-2020 06:08:33 UTC] PHP Stack trace:
[11-May-2020 06:08:33 UTC] PHP   1. {main}() /Users/joselopez/Local Sites/university/app/public/index.php:0
[11-May-2020 06:08:33 UTC] PHP   2. require() /Users/joselopez/Local Sites/university/app/public/index.php:17
[11-May-2020 06:08:33 UTC] PHP   3. require_once() /Users/joselopez/Local Sites/university/app/public/wp-blog-header.php:19
[11-May-2020 06:08:33 UTC] PHP   4. include() /Users/joselopez/Local Sites/university/app/public/wp-includes/template-loader.php:106
[11-May-2020 06:08:33 UTC] PHP Warning:  Division by zero in /Users/joselopez/Local Sites/university/app/public/wp-content/themes/newtheme/index.php on line 76
[11-May-2020 06:08:33 UTC] PHP Stack trace:
[11-May-2020 06:08:33 UTC] PHP   1. {main}() /Users/joselopez/Local Sites/university/app/public/index.php:0
[11-May-2020 06:08:33 UTC] PHP   2. require() /Users/joselopez/Local Sites/university/app/public/index.php:17
[11-May-2020 06:08:33 UTC] PHP   3. require_once() /Users/joselopez/Local Sites/university/app/public/wp-blog-header.php:19
[11-May-2020 06:08:33 UTC] PHP   4. include() /Users/joselopez/Local Sites/university/app/public/wp-includes/template-loader.php:106
[11-May-2020 06:08:33 UTC] PHP Warning:  Use of undefined constant jpg - assumed 'jpg' (this will throw an Error in a future version of PHP) in /Users/joselopez/Local Sites/university/app/public/wp-content/themes/newtheme/index.php on line 76
[11-May-2020 06:08:33 UTC] PHP Stack trace:
[11-May-2020 06:08:33 UTC] PHP   1. {main}() /Users/joselopez/Local Sites/university/app/public/index.php:0
[11-May-2020 06:08:33 UTC] PHP   2. require() /Users/joselopez/Local Sites/university/app/public/index.php:17
[11-May-2020 06:08:33 UTC] PHP   3. require_once() /Users/joselopez/Local Sites/university/app/public/wp-blog-header.php:19
[11-May-2020 06:08:33 UTC] PHP   4. include() /Users/joselopez/Local Sites/university/app/public/wp-includes/template-loader.php:106
[11-May-2020 06:08:33 UTC] PHP Warning:  Use of undefined constant images - assumed 'images' (this will throw an Error in a future version of PHP) in /Users/joselopez/Local Sites/university/app/public/wp-content/themes/newtheme/index.php on line 85
[11-May-2020 06:08:33 UTC] PHP Stack trace:
[11-May-2020 06:08:33 UTC] PHP   1. {main}() /Users/joselopez/Local Sites/university/app/public/index.php:0
[11-May-2020 06:08:33 UTC] PHP   2. require() /Users/joselopez/Local Sites/university/app/public/index.php:17
[11-May-2020 06:08:33 UTC] PHP   3. require_once() /Users/joselopez/Local Sites/university/app/public/wp-blog-header.php:19
[11-May-2020 06:08:33 UTC] PHP   4. include() /Users/joselopez/Local Sites/university/app/public/wp-includes/template-loader.php:106
[11-May-2020 06:08:33 UTC] PHP Warning:  Use of undefined constant apples - assumed 'apples' (this will throw an Error in a future version of PHP) in /Users/joselopez/Local Sites/university/app/public/wp-content/themes/newtheme/index.php on line 85
[11-May-2020 06:08:33 UTC] PHP Stack trace:
[11-May-2020 06:08:33 UTC] PHP   1. {main}() /Users/joselopez/Local Sites/university/app/public/index.php:0
[11-May-2020 06:08:33 UTC] PHP   2. require() /Users/joselopez/Local Sites/university/app/public/index.php:17
[11-May-2020 06:08:33 UTC] PHP   3. require_once() /Users/joselopez/Local Sites/university/app/public/wp-blog-header.php:19
[11-May-2020 06:08:33 UTC] PHP   4. include() /Users/joselopez/Local Sites/university/app/public/wp-includes/template-loader.php:106
[11-May-2020 06:08:33 UTC] PHP Warning:  A non-numeric value encountered in /Users/joselopez/Local Sites/university/app/public/wp-content/themes/newtheme/index.php on line 85
[11-May-2020 06:08:33 UTC] PHP Stack trace:
[11-May-2020 06:08:33 UTC] PHP   1. {main}() /Users/joselopez/Local Sites/university/app/public/index.php:0
[11-May-2020 06:08:33 UTC] PHP   2. require() /Users/joselopez/Local Sites/university/app/public/index.php:17
[11-May-2020 06:08:33 UTC] PHP   3. require_once() /Users/joselopez/Local Sites/university/app/public/wp-blog-header.php:19
[11-May-2020 06:08:33 UTC] PHP   4. include() /Users/joselopez/Local Sites/university/app/public/wp-includes/template-loader.php:106
[11-May-2020 06:08:33 UTC] PHP Warning:  A non-numeric value encountered in /Users/joselopez/Local Sites/university/app/public/wp-content/themes/newtheme/index.php on line 85
[11-May-2020 06:08:33 UTC] PHP Stack trace:
[11-May-2020 06:08:33 UTC] PHP   1. {main}() /Users/joselopez/Local Sites/university/app/public/index.php:0
[11-May-2020 06:08:33 UTC] PHP   2. require() /Users/joselopez/Local Sites/university/app/public/index.php:17
[11-May-2020 06:08:33 UTC] PHP   3. require_once() /Users/joselopez/Local Sites/university/app/public/wp-blog-header.php:19
[11-May-2020 06:08:33 UTC] PHP   4. include() /Users/joselopez/Local Sites/university/app/public/wp-includes/template-loader.php:106
[11-May-2020 06:08:33 UTC] PHP Warning:  Division by zero in /Users/joselopez/Local Sites/university/app/public/wp-content/themes/newtheme/index.php on line 85
[11-May-2020 06:08:33 UTC] PHP Stack trace:
[11-May-2020 06:08:33 UTC] PHP   1. {main}() /Users/joselopez/Local Sites/university/app/public/index.php:0
[11-May-2020 06:08:33 UTC] PHP   2. require() /Users/joselopez/Local Sites/university/app/public/index.php:17
[11-May-2020 06:08:33 UTC] PHP   3. require_once() /Users/joselopez/Local Sites/university/app/public/wp-blog-header.php:19
[11-May-2020 06:08:33 UTC] PHP   4. include() /Users/joselopez/Local Sites/university/app/public/wp-includes/template-loader.php:106
[11-May-2020 06:08:33 UTC] PHP Warning:  Use of undefined constant jpg - assumed 'jpg' (this will throw an Error in a future version of PHP) in /Users/joselopez/Local Sites/university/app/public/wp-content/themes/newtheme/index.php on line 85
[11-May-2020 06:08:33 UTC] PHP Stack trace:
[11-May-2020 06:08:33 UTC] PHP   1. {main}() /Users/joselopez/Local Sites/university/app/public/index.php:0
[11-May-2020 06:08:33 UTC] PHP   2. require() /Users/joselopez/Local Sites/university/app/public/index.php:17
[11-May-2020 06:08:33 UTC] PHP   3. require_once() /Users/joselopez/Local Sites/university/app/public/wp-blog-header.php:19
[11-May-2020 06:08:33 UTC] PHP   4. include() /Users/joselopez/Local Sites/university/app/public/wp-includes/template-loader.php:106
[11-May-2020 06:08:33 UTC] PHP Warning:  Use of undefined constant images - assumed 'images' (this will throw an Error in a future version of PHP) in /Users/joselopez/Local Sites/university/app/public/wp-content/themes/newtheme/index.php on line 94
[11-May-2020 06:08:33 UTC] PHP Stack trace:
[11-May-2020 06:08:33 UTC] PHP   1. {main}() /Users/joselopez/Local Sites/university/app/public/index.php:0
[11-May-2020 06:08:33 UTC] PHP   2. require() /Users/joselopez/Local Sites/university/app/public/index.php:17
[11-May-2020 06:08:33 UTC] PHP   3. require_once() /Users/joselopez/Local Sites/university/app/public/wp-blog-header.php:19
[11-May-2020 06:08:33 UTC] PHP   4. include() /Users/joselopez/Local Sites/university/app/public/wp-includes/template-loader.php:106
[11-May-2020 06:08:33 UTC] PHP Warning:  Use of undefined constant bread - assumed 'bread' (this will throw an Error in a future version of PHP) in /Users/joselopez/Local Sites/university/app/public/wp-content/themes/newtheme/index.php on line 94
[11-May-2020 06:08:33 UTC] PHP Stack trace:
[11-May-2020 06:08:33 UTC] PHP   1. {main}() /Users/joselopez/Local Sites/university/app/public/index.php:0
[11-May-2020 06:08:33 UTC] PHP   2. require() /Users/joselopez/Local Sites/university/app/public/index.php:17
[11-May-2020 06:08:33 UTC] PHP   3. require_once() /Users/joselopez/Local Sites/university/app/public/wp-blog-header.php:19
[11-May-2020 06:08:33 UTC] PHP   4. include() /Users/joselopez/Local Sites/university/app/public/wp-includes/template-loader.php:106
[11-May-2020 06:08:33 UTC] PHP Warning:  A non-numeric value encountered in /Users/joselopez/Local Sites/university/app/public/wp-content/themes/newtheme/index.php on line 94
[11-May-2020 06:08:33 UTC] PHP Stack trace:
[11-May-2020 06:08:33 UTC] PHP   1. {main}() /Users/joselopez/Local Sites/university/app/public/index.php:0
[11-May-2020 06:08:33 UTC] PHP   2. require() /Users/joselopez/Local Sites/university/app/public/index.php:17
[11-May-2020 06:08:33 UTC] PHP   3. require_once() /Users/joselopez/Local Sites/university/app/public/wp-blog-header.php:19
[11-May-2020 06:08:33 UTC] PHP   4. include() /Users/joselopez/Local Sites/university/app/public/wp-includes/template-loader.php:106
[11-May-2020 06:08:33 UTC] PHP Warning:  A non-numeric value encountered in /Users/joselopez/Local Sites/university/app/public/wp-content/themes/newtheme/index.php on line 94
[11-May-2020 06:08:33 UTC] PHP Stack trace:
[11-May-2020 06:08:33 UTC] PHP   1. {main}() /Users/joselopez/Local Sites/university/app/public/index.php:0
[11-May-2020 06:08:33 UTC] PHP   2. require() /Users/joselopez/Local Sites/university/app/public/index.php:17
[11-May-2020 06:08:33 UTC] PHP   3. require_once() /Users/joselopez/Local Sites/university/app/public/wp-blog-header.php:19
[11-May-2020 06:08:33 UTC] PHP   4. include() /Users/joselopez/Local Sites/university/app/public/wp-includes/template-loader.php:106
[11-May-2020 06:08:33 UTC] PHP Warning:  Division by zero in /Users/joselopez/Local Sites/university/app/public/wp-content/themes/newtheme/index.php on line 94
[11-May-2020 06:08:33 UTC] PHP Stack trace:
[11-May-2020 06:08:33 UTC] PHP   1. {main}() /Users/joselopez/Local Sites/university/app/public/index.php:0
[11-May-2020 06:08:33 UTC] PHP   2. require() /Users/joselopez/Local Sites/university/app/public/index.php:17
[11-May-2020 06:08:33 UTC] PHP   3. require_once() /Users/joselopez/Local Sites/university/app/public/wp-blog-header.php:19
[11-May-2020 06:08:33 UTC] PHP   4. include() /Users/joselopez/Local Sites/university/app/public/wp-includes/template-loader.php:106
[11-May-2020 06:08:33 UTC] PHP Warning:  Use of undefined constant jpg - assumed 'jpg' (this will throw an Error in a future version of PHP) in /Users/joselopez/Local Sites/university/app/public/wp-content/themes/newtheme/index.php on line 94
[11-May-2020 06:08:33 UTC] PHP Stack trace:
[11-May-2020 06:08:33 UTC] PHP   1. {main}() /Users/joselopez/Local Sites/university/app/public/index.php:0
[11-May-2020 06:08:33 UTC] PHP   2. require() /Users/joselopez/Local Sites/university/app/public/index.php:17
[11-May-2020 06:08:33 UTC] PHP   3. require_once() /Users/joselopez/Local Sites/university/app/public/wp-blog-header.php:19
[11-May-2020 06:08:33 UTC] PHP   4. include() /Users/joselopez/Local Sites/university/app/public/wp-includes/template-loader.php:106
[12-May-2020 19:58:22 UTC] PHP Fatal error:  Uncaught Error: Call to undefined function gwt_the_ID() in /Users/joselopez/Local Sites/university/app/public/wp-content/themes/newtheme/page.php:20
Stack trace:
#0 /Users/joselopez/Local Sites/university/app/public/wp-includes/template-loader.php(106): include()
#1 /Users/joselopez/Local Sites/university/app/public/wp-blog-header.php(19): require_once('/Users/joselope...')
#2 /Users/joselopez/Local Sites/university/app/public/index.php(17): require('/Users/joselope...')
#3 {main}
  thrown in /Users/joselopez/Local Sites/university/app/public/wp-content/themes/newtheme/page.php on line 20
[12-May-2020 20:11:00 UTC] PHP Parse error:  syntax error, unexpected 'if' (T_IF) in /Users/joselopez/Local Sites/university/app/public/wp-content/themes/newtheme/page.php on line 21
[12-May-2020 21:08:52 UTC] PHP Parse error:  syntax error, unexpected ';', expecting ')' in /Users/joselopez/Local Sites/university/app/public/wp-content/themes/newtheme/page.php on line 43
[12-May-2020 22:52:08 UTC] PHP Parse error:  syntax error, unexpected '}' in /Users/joselopez/Local Sites/university/app/public/wp-content/themes/newtheme/index.php on line 19
[18-May-2020 03:31:00 UTC] PHP Fatal error:  Uncaught Error: Call to a member function have_posts() on null in /Users/joselopez/Local Sites/university/app/public/wp-content/themes/newtheme/front-page.php:53
Stack trace:
#0 /Users/joselopez/Local Sites/university/app/public/wp-includes/template-loader.php(106): include()
#1 /Users/joselopez/Local Sites/university/app/public/wp-blog-header.php(19): require_once('/Users/joselope...')
#2 /Users/joselopez/Local Sites/university/app/public/index.php(17): require('/Users/joselope...')
#3 {main}
  thrown in /Users/joselopez/Local Sites/university/app/public/wp-content/themes/newtheme/front-page.php on line 53
[18-May-2020 03:41:29 UTC] PHP Fatal error:  Uncaught Error: Call to a member function have_posts() on null in /Users/joselopez/Local Sites/university/app/public/wp-content/themes/newtheme/front-page.php:53
Stack trace:
#0 /Users/joselopez/Local Sites/university/app/public/wp-includes/template-loader.php(106): include()
#1 /Users/joselopez/Local Sites/university/app/public/wp-blog-header.php(19): require_once('/Users/joselope...')
#2 /Users/joselopez/Local Sites/university/app/public/index.php(17): require('/Users/joselope...')
#3 {main}
  thrown in /Users/joselopez/Local Sites/university/app/public/wp-content/themes/newtheme/front-page.php on line 53
[18-May-2020 03:46:51 UTC] PHP Fatal error:  Uncaught Error: Call to a member function have_posts() on null in /Users/joselopez/Local Sites/university/app/public/wp-content/themes/newtheme/front-page.php:53
Stack trace:
#0 /Users/joselopez/Local Sites/university/app/public/wp-includes/template-loader.php(106): include()
#1 /Users/joselopez/Local Sites/university/app/public/wp-blog-header.php(19): require_once('/Users/joselope...')
#2 /Users/joselopez/Local Sites/university/app/public/index.php(17): require('/Users/joselope...')
#3 {main}
  thrown in /Users/joselopez/Local Sites/university/app/public/wp-content/themes/newtheme/front-page.php on line 53
[18-May-2020 03:48:52 UTC] PHP Fatal error:  Uncaught Error: Call to a member function have_posts() on null in /Users/joselopez/Local Sites/university/app/public/wp-content/themes/newtheme/front-page.php:53
Stack trace:
#0 /Users/joselopez/Local Sites/university/app/public/wp-includes/template-loader.php(106): include()
#1 /Users/joselopez/Local Sites/university/app/public/wp-blog-header.php(19): require_once('/Users/joselope...')
#2 /Users/joselopez/Local Sites/university/app/public/index.php(17): require('/Users/joselope...')
#3 {main}
  thrown in /Users/joselopez/Local Sites/university/app/public/wp-content/themes/newtheme/front-page.php on line 53
[18-May-2020 03:54:01 UTC] PHP Fatal error:  Uncaught Error: Call to a member function have_posts() on null in /Users/joselopez/Local Sites/university/app/public/wp-content/themes/newtheme/front-page.php:53
Stack trace:
#0 /Users/joselopez/Local Sites/university/app/public/wp-includes/template-loader.php(106): include()
#1 /Users/joselopez/Local Sites/university/app/public/wp-blog-header.php(19): require_once('/Users/joselope...')
#2 /Users/joselopez/Local Sites/university/app/public/index.php(17): require('/Users/joselope...')
#3 {main}
  thrown in /Users/joselopez/Local Sites/university/app/public/wp-content/themes/newtheme/front-page.php on line 53
[18-May-2020 03:59:45 UTC] PHP Fatal error:  Uncaught Error: Call to a member function have_posts() on null in /Users/joselopez/Local Sites/university/app/public/wp-content/themes/newtheme/front-page.php:53
Stack trace:
#0 /Users/joselopez/Local Sites/university/app/public/wp-includes/template-loader.php(106): include()
#1 /Users/joselopez/Local Sites/university/app/public/wp-blog-header.php(19): require_once('/Users/joselope...')
#2 /Users/joselopez/Local Sites/university/app/public/index.php(17): require('/Users/joselope...')
#3 {main}
  thrown in /Users/joselopez/Local Sites/university/app/public/wp-content/themes/newtheme/front-page.php on line 53
[18-May-2020 04:01:11 UTC] PHP Fatal error:  Uncaught Error: Call to a member function have_posts() on null in /Users/joselopez/Local Sites/university/app/public/wp-content/themes/newtheme/front-page.php:53
Stack trace:
#0 /Users/joselopez/Local Sites/university/app/public/wp-includes/template-loader.php(106): include()
#1 /Users/joselopez/Local Sites/university/app/public/wp-blog-header.php(19): require_once('/Users/joselope...')
#2 /Users/joselopez/Local Sites/university/app/public/index.php(17): require('/Users/joselope...')
#3 {main}
  thrown in /Users/joselopez/Local Sites/university/app/public/wp-content/themes/newtheme/front-page.php on line 53
[19-May-2020 22:51:25 UTC] PHP Fatal error:  Uncaught Error: Call to a member function have_posts() on null in /Users/joselopez/Local Sites/university/app/public/wp-content/themes/newtheme/front-page.php:53
Stack trace:
#0 /Users/joselopez/Local Sites/university/app/public/wp-includes/template-loader.php(106): include()
#1 /Users/joselopez/Local Sites/university/app/public/wp-blog-header.php(19): require_once('/Users/joselope...')
#2 /Users/joselopez/Local Sites/university/app/public/index.php(17): require('/Users/joselope...')
#3 {main}
  thrown in /Users/joselopez/Local Sites/university/app/public/wp-content/themes/newtheme/front-page.php on line 53
[19-May-2020 22:54:24 UTC] PHP Fatal error:  Uncaught Error: Call to a member function have_posts() on null in /Users/joselopez/Local Sites/university/app/public/wp-content/themes/newtheme/front-page.php:53
Stack trace:
#0 /Users/joselopez/Local Sites/university/app/public/wp-includes/template-loader.php(106): include()
#1 /Users/joselopez/Local Sites/university/app/public/wp-blog-header.php(19): require_once('/Users/joselope...')
#2 /Users/joselopez/Local Sites/university/app/public/index.php(17): require('/Users/joselope...')
#3 {main}
  thrown in /Users/joselopez/Local Sites/university/app/public/wp-content/themes/newtheme/front-page.php on line 53
[19-May-2020 22:56:57 UTC] PHP Fatal error:  Uncaught Error: Call to a member function have_posts() on null in /Users/joselopez/Local Sites/university/app/public/wp-content/themes/newtheme/front-page.php:53
Stack trace:
#0 /Users/joselopez/Local Sites/university/app/public/wp-includes/template-loader.php(106): include()
#1 /Users/joselopez/Local Sites/university/app/public/wp-blog-header.php(19): require_once('/Users/joselope...')
#2 /Users/joselopez/Local Sites/university/app/public/index.php(17): require('/Users/joselope...')
#3 {main}
  thrown in /Users/joselopez/Local Sites/university/app/public/wp-content/themes/newtheme/front-page.php on line 53
[19-May-2020 23:11:17 UTC] PHP Fatal error:  Uncaught Error: Call to a member function have_posts() on null in /Users/joselopez/Local Sites/university/app/public/wp-content/themes/newtheme/front-page.php:53
Stack trace:
#0 /Users/joselopez/Local Sites/university/app/public/wp-includes/template-loader.php(106): include()
#1 /Users/joselopez/Local Sites/university/app/public/wp-blog-header.php(19): require_once('/Users/joselope...')
#2 /Users/joselopez/Local Sites/university/app/public/index.php(17): require('/Users/joselope...')
#3 {main}
  thrown in /Users/joselopez/Local Sites/university/app/public/wp-content/themes/newtheme/front-page.php on line 53
[19-May-2020 23:11:19 UTC] PHP Fatal error:  Uncaught Error: Call to a member function have_posts() on null in /Users/joselopez/Local Sites/university/app/public/wp-content/themes/newtheme/front-page.php:53
Stack trace:
#0 /Users/joselopez/Local Sites/university/app/public/wp-includes/template-loader.php(106): include()
#1 /Users/joselopez/Local Sites/university/app/public/wp-blog-header.php(19): require_once('/Users/joselope...')
#2 /Users/joselopez/Local Sites/university/app/public/index.php(17): require('/Users/joselope...')
#3 {main}
  thrown in /Users/joselopez/Local Sites/university/app/public/wp-content/themes/newtheme/front-page.php on line 53
[19-May-2020 23:18:30 UTC] PHP Fatal error:  Uncaught Error: Call to a member function have_posts() on null in /Users/joselopez/Local Sites/university/app/public/wp-content/themes/newtheme/front-page.php:53
Stack trace:
#0 /Users/joselopez/Local Sites/university/app/public/wp-includes/template-loader.php(106): include()
#1 /Users/joselopez/Local Sites/university/app/public/wp-blog-header.php(19): require_once('/Users/joselope...')
#2 /Users/joselopez/Local Sites/university/app/public/index.php(17): require('/Users/joselope...')
#3 {main}
  thrown in /Users/joselopez/Local Sites/university/app/public/wp-content/themes/newtheme/front-page.php on line 53
[23-May-2020 22:11:17 UTC] PHP Parse error:  syntax error, unexpected '<' in /Users/joselopez/Local Sites/university/app/public/wp-content/themes/newtheme/front-page.php on line 33
[23-May-2020 22:48:38 UTC] PHP Fatal error:  Uncaught Exception: DateTime::__construct(): Failed to parse time string (20/07/2020) at position 0 (2): Unexpected character in /Users/joselopez/Local Sites/university/app/public/wp-content/themes/newtheme/front-page.php:29
Stack trace:
#0 /Users/joselopez/Local Sites/university/app/public/wp-content/themes/newtheme/front-page.php(29): DateTime->__construct('20/07/2020')
#1 /Users/joselopez/Local Sites/university/app/public/wp-includes/template-loader.php(106): include('/Users/joselope...')
#2 /Users/joselopez/Local Sites/university/app/public/wp-blog-header.php(19): require_once('/Users/joselope...')
#3 /Users/joselopez/Local Sites/university/app/public/index.php(17): require('/Users/joselope...')
#4 {main}
  thrown in /Users/joselopez/Local Sites/university/app/public/wp-content/themes/newtheme/front-page.php on line 29
[23-May-2020 22:50:23 UTC] PHP Fatal error:  Uncaught Exception: DateTime::__construct(): Failed to parse time string (20/07/2020) at position 0 (2): Unexpected character in /Users/joselopez/Local Sites/university/app/public/wp-content/themes/newtheme/front-page.php:29
Stack trace:
#0 /Users/joselopez/Local Sites/university/app/public/wp-content/themes/newtheme/front-page.php(29): DateTime->__construct('20/07/2020')
#1 /Users/joselopez/Local Sites/university/app/public/wp-includes/template-loader.php(106): include('/Users/joselope...')
#2 /Users/joselopez/Local Sites/university/app/public/wp-blog-header.php(19): require_once('/Users/joselope...')
#3 /Users/joselopez/Local Sites/university/app/public/index.php(17): require('/Users/joselope...')
#4 {main}
  thrown in /Users/joselopez/Local Sites/university/app/public/wp-content/themes/newtheme/front-page.php on line 29
[23-May-2020 22:55:02 UTC] PHP Fatal error:  Uncaught Exception: DateTime::__construct(): Failed to parse time string (20/07/2020) at position 0 (2): Unexpected character in /Users/joselopez/Local Sites/university/app/public/wp-content/themes/newtheme/front-page.php:29
Stack trace:
#0 /Users/joselopez/Local Sites/university/app/public/wp-content/themes/newtheme/front-page.php(29): DateTime->__construct('20/07/2020')
#1 /Users/joselopez/Local Sites/university/app/public/wp-includes/template-loader.php(106): include('/Users/joselope...')
#2 /Users/joselopez/Local Sites/university/app/public/wp-blog-header.php(19): require_once('/Users/joselope...')
#3 /Users/joselopez/Local Sites/university/app/public/index.php(17): require('/Users/joselope...')
#4 {main}
  thrown in /Users/joselopez/Local Sites/university/app/public/wp-content/themes/newtheme/front-page.php on line 29
[23-May-2020 22:55:03 UTC] PHP Fatal error:  Uncaught Exception: DateTime::__construct(): Failed to parse time string (20/07/2020) at position 0 (2): Unexpected character in /Users/joselopez/Local Sites/university/app/public/wp-content/themes/newtheme/front-page.php:29
Stack trace:
#0 /Users/joselopez/Local Sites/university/app/public/wp-content/themes/newtheme/front-page.php(29): DateTime->__construct('20/07/2020')
#1 /Users/joselopez/Local Sites/university/app/public/wp-includes/template-loader.php(106): include('/Users/joselope...')
#2 /Users/joselopez/Local Sites/university/app/public/wp-blog-header.php(19): require_once('/Users/joselope...')
#3 /Users/joselopez/Local Sites/university/app/public/index.php(17): require('/Users/joselope...')
#4 {main}
  thrown in /Users/joselopez/Local Sites/university/app/public/wp-content/themes/newtheme/front-page.php on line 29
[23-May-2020 22:55:04 UTC] PHP Fatal error:  Uncaught Exception: DateTime::__construct(): Failed to parse time string (20/07/2020) at position 0 (2): Unexpected character in /Users/joselopez/Local Sites/university/app/public/wp-content/themes/newtheme/front-page.php:29
Stack trace:
#0 /Users/joselopez/Local Sites/university/app/public/wp-content/themes/newtheme/front-page.php(29): DateTime->__construct('20/07/2020')
#1 /Users/joselopez/Local Sites/university/app/public/wp-includes/template-loader.php(106): include('/Users/joselope...')
#2 /Users/joselopez/Local Sites/university/app/public/wp-blog-header.php(19): require_once('/Users/joselope...')
#3 /Users/joselopez/Local Sites/university/app/public/index.php(17): require('/Users/joselope...')
#4 {main}
  thrown in /Users/joselopez/Local Sites/university/app/public/wp-content/themes/newtheme/front-page.php on line 29
[23-May-2020 22:55:05 UTC] PHP Fatal error:  Uncaught Exception: DateTime::__construct(): Failed to parse time string (20/07/2020) at position 0 (2): Unexpected character in /Users/joselopez/Local Sites/university/app/public/wp-content/themes/newtheme/front-page.php:29
Stack trace:
#0 /Users/joselopez/Local Sites/university/app/public/wp-content/themes/newtheme/front-page.php(29): DateTime->__construct('20/07/2020')
#1 /Users/joselopez/Local Sites/university/app/public/wp-includes/template-loader.php(106): include('/Users/joselope...')
#2 /Users/joselopez/Local Sites/university/app/public/wp-blog-header.php(19): require_once('/Users/joselope...')
#3 /Users/joselopez/Local Sites/university/app/public/index.php(17): require('/Users/joselope...')
#4 {main}
  thrown in /Users/joselopez/Local Sites/university/app/public/wp-content/themes/newtheme/front-page.php on line 29
[23-May-2020 22:58:31 UTC] PHP Fatal error:  Uncaught Exception: DateTime::__construct(): Failed to parse time string (20/07/2020) at position 0 (2): Unexpected character in /Users/joselopez/Local Sites/university/app/public/wp-content/themes/newtheme/front-page.php:29
Stack trace:
#0 /Users/joselopez/Local Sites/university/app/public/wp-content/themes/newtheme/front-page.php(29): DateTime->__construct('20/07/2020')
#1 /Users/joselopez/Local Sites/university/app/public/wp-includes/template-loader.php(106): include('/Users/joselope...')
#2 /Users/joselopez/Local Sites/university/app/public/wp-blog-header.php(19): require_once('/Users/joselope...')
#3 /Users/joselopez/Local Sites/university/app/public/index.php(17): require('/Users/joselope...')
#4 {main}
  thrown in /Users/joselopez/Local Sites/university/app/public/wp-content/themes/newtheme/front-page.php on line 29
[23-May-2020 22:59:30 UTC] PHP Fatal error:  Uncaught Exception: DateTime::__construct(): Failed to parse time string (20/07/2020) at position 0 (2): Unexpected character in /Users/joselopez/Local Sites/university/app/public/wp-content/themes/newtheme/front-page.php:29
Stack trace:
#0 /Users/joselopez/Local Sites/university/app/public/wp-content/themes/newtheme/front-page.php(29): DateTime->__construct('20/07/2020')
#1 /Users/joselopez/Local Sites/university/app/public/wp-includes/template-loader.php(106): include('/Users/joselope...')
#2 /Users/joselopez/Local Sites/university/app/public/wp-blog-header.php(19): require_once('/Users/joselope...')
#3 /Users/joselopez/Local Sites/university/app/public/index.php(17): require('/Users/joselope...')
#4 {main}
  thrown in /Users/joselopez/Local Sites/university/app/public/wp-content/themes/newtheme/front-page.php on line 29
[23-May-2020 23:00:09 UTC] PHP Fatal error:  Uncaught Exception: DateTime::__construct(): Failed to parse time string (20/07/2020) at position 0 (2): Unexpected character in /Users/joselopez/Local Sites/university/app/public/wp-content/themes/newtheme/front-page.php:29
Stack trace:
#0 /Users/joselopez/Local Sites/university/app/public/wp-content/themes/newtheme/front-page.php(29): DateTime->__construct('20/07/2020')
#1 /Users/joselopez/Local Sites/university/app/public/wp-includes/template-loader.php(106): include('/Users/joselope...')
#2 /Users/joselopez/Local Sites/university/app/public/wp-blog-header.php(19): require_once('/Users/joselope...')
#3 /Users/joselopez/Local Sites/university/app/public/index.php(17): require('/Users/joselope...')
#4 {main}
  thrown in /Users/joselopez/Local Sites/university/app/public/wp-content/themes/newtheme/front-page.php on line 29
[23-May-2020 23:03:08 UTC] PHP Fatal error:  Uncaught Exception: DateTime::__construct(): Failed to parse time string (20/07/2020) at position 0 (2): Unexpected character in /Users/joselopez/Local Sites/university/app/public/wp-content/themes/newtheme/front-page.php:29
Stack trace:
#0 /Users/joselopez/Local Sites/university/app/public/wp-content/themes/newtheme/front-page.php(29): DateTime->__construct('20/07/2020')
#1 /Users/joselopez/Local Sites/university/app/public/wp-includes/template-loader.php(106): include('/Users/joselope...')
#2 /Users/joselopez/Local Sites/university/app/public/wp-blog-header.php(19): require_once('/Users/joselope...')
#3 /Users/joselopez/Local Sites/university/app/public/index.php(17): require('/Users/joselope...')
#4 {main}
  thrown in /Users/joselopez/Local Sites/university/app/public/wp-content/themes/newtheme/front-page.php on line 29
[23-May-2020 23:04:53 UTC] PHP Fatal error:  Uncaught ArgumentCountError: Too few arguments to function get_field(), 0 passed in /Users/joselopez/Local Sites/university/app/public/wp-content/themes/newtheme/front-page.php on line 29 and at least 1 expected in /Users/joselopez/Local Sites/university/app/public/wp-content/plugins/advanced-custom-fields/includes/api/api-template.php:20
Stack trace:
#0 /Users/joselopez/Local Sites/university/app/public/wp-content/themes/newtheme/front-page.php(29): get_field()
#1 /Users/joselopez/Local Sites/university/app/public/wp-includes/template-loader.php(106): include('/Users/joselope...')
#2 /Users/joselopez/Local Sites/university/app/public/wp-blog-header.php(19): require_once('/Users/joselope...')
#3 /Users/joselopez/Local Sites/university/app/public/index.php(17): require('/Users/joselope...')
#4 {main}
  thrown in /Users/joselopez/Local Sites/university/app/public/wp-content/plugins/advanced-custom-fields/includes/api/api-template.php on line 20
[23-May-2020 23:05:19 UTC] PHP Fatal error:  Uncaught Exception: DateTime::__construct(): Failed to parse time string (20/07/2020) at position 0 (2): Unexpected character in /Users/joselopez/Local Sites/university/app/public/wp-content/themes/newtheme/front-page.php:29
Stack trace:
#0 /Users/joselopez/Local Sites/university/app/public/wp-content/themes/newtheme/front-page.php(29): DateTime->__construct('20/07/2020')
#1 /Users/joselopez/Local Sites/university/app/public/wp-includes/template-loader.php(106): include('/Users/joselope...')
#2 /Users/joselopez/Local Sites/university/app/public/wp-blog-header.php(19): require_once('/Users/joselope...')
#3 /Users/joselopez/Local Sites/university/app/public/index.php(17): require('/Users/joselope...')
#4 {main}
  thrown in /Users/joselopez/Local Sites/university/app/public/wp-content/themes/newtheme/front-page.php on line 29
[29-May-2020 20:37:17 UTC] PHP Warning:  call_user_func_array() expects parameter 1 to be a valid callback, function 'university-adjust-queries' not found or invalid function name in /Users/joselopez/Local Sites/university/app/public/wp-includes/class-wp-hook.php on line 287
[29-May-2020 20:37:17 UTC] PHP Stack trace:
[29-May-2020 20:37:17 UTC] PHP   1. {main}() /Users/joselopez/Local Sites/university/app/public/index.php:0
[29-May-2020 20:37:17 UTC] PHP   2. require() /Users/joselopez/Local Sites/university/app/public/index.php:17
[29-May-2020 20:37:17 UTC] PHP   3. wp() /Users/joselopez/Local Sites/university/app/public/wp-blog-header.php:16
[29-May-2020 20:37:17 UTC] PHP   4. WP->main() /Users/joselopez/Local Sites/university/app/public/wp-includes/functions.php:1274
[29-May-2020 20:37:17 UTC] PHP   5. WP->query_posts() /Users/joselopez/Local Sites/university/app/public/wp-includes/class-wp.php:737
[29-May-2020 20:37:17 UTC] PHP   6. WP_Query->query() /Users/joselopez/Local Sites/university/app/public/wp-includes/class-wp.php:620
[29-May-2020 20:37:17 UTC] PHP   7. WP_Query->get_posts() /Users/joselopez/Local Sites/university/app/public/wp-includes/class-wp-query.php:3432
[29-May-2020 20:37:17 UTC] PHP   8. do_action_ref_array() /Users/joselopez/Local Sites/university/app/public/wp-includes/class-wp-query.php:1768
[29-May-2020 20:37:17 UTC] PHP   9. WP_Hook->do_action() /Users/joselopez/Local Sites/university/app/public/wp-includes/plugin.php:544
[29-May-2020 20:37:17 UTC] PHP  10. WP_Hook->apply_filters() /Users/joselopez/Local Sites/university/app/public/wp-includes/class-wp-hook.php:311
[29-May-2020 20:37:17 UTC] PHP Warning:  call_user_func_array() expects parameter 1 to be a valid callback, function 'university-adjust-queries' not found or invalid function name in /Users/joselopez/Local Sites/university/app/public/wp-includes/class-wp-hook.php on line 287
[29-May-2020 20:37:17 UTC] PHP Stack trace:
[29-May-2020 20:37:17 UTC] PHP   1. {main}() /Users/joselopez/Local Sites/university/app/public/index.php:0
[29-May-2020 20:37:17 UTC] PHP   2. require() /Users/joselopez/Local Sites/university/app/public/index.php:17
[29-May-2020 20:37:17 UTC] PHP   3. require_once() /Users/joselopez/Local Sites/university/app/public/wp-blog-header.php:19
[29-May-2020 20:37:17 UTC] PHP   4. include() /Users/joselopez/Local Sites/university/app/public/wp-includes/template-loader.php:106
[29-May-2020 20:37:17 UTC] PHP   5. get_header() /Users/joselopez/Local Sites/university/app/public/wp-content/themes/newtheme/index.php:3
[29-May-2020 20:37:17 UTC] PHP   6. locate_template() /Users/joselopez/Local Sites/university/app/public/wp-includes/general-template.php:41
[29-May-2020 20:37:17 UTC] PHP   7. load_template() /Users/joselopez/Local Sites/university/app/public/wp-includes/template.php:672
[29-May-2020 20:37:17 UTC] PHP   8. require_once() /Users/joselopez/Local Sites/university/app/public/wp-includes/template.php:723
[29-May-2020 20:37:17 UTC] PHP   9. wp_nav_menu() /Users/joselopez/Local Sites/university/app/public/wp-content/themes/newtheme/header.php:17
[29-May-2020 20:37:17 UTC] PHP  10. wp_get_nav_menu_items() /Users/joselopez/Local Sites/university/app/public/wp-includes/nav-menu-template.php:143
[29-May-2020 20:37:17 UTC] PHP  11. get_posts() /Users/joselopez/Local Sites/university/app/public/wp-includes/nav-menu.php:699
[29-May-2020 20:37:17 UTC] PHP  12. WP_Query->query() /Users/joselopez/Local Sites/university/app/public/wp-includes/post.php:2050
[29-May-2020 20:37:17 UTC] PHP  13. WP_Query->get_posts() /Users/joselopez/Local Sites/university/app/public/wp-includes/class-wp-query.php:3432
[29-May-2020 20:37:17 UTC] PHP  14. do_action_ref_array() /Users/joselopez/Local Sites/university/app/public/wp-includes/class-wp-query.php:1768
[29-May-2020 20:37:17 UTC] PHP  15. WP_Hook->do_action() /Users/joselopez/Local Sites/university/app/public/wp-includes/plugin.php:544
[29-May-2020 20:37:17 UTC] PHP  16. WP_Hook->apply_filters() /Users/joselopez/Local Sites/university/app/public/wp-includes/class-wp-hook.php:311
[29-May-2020 20:37:17 UTC] PHP Warning:  call_user_func_array() expects parameter 1 to be a valid callback, function 'university-adjust-queries' not found or invalid function name in /Users/joselopez/Local Sites/university/app/public/wp-includes/class-wp-hook.php on line 287
[29-May-2020 20:37:17 UTC] PHP Stack trace:
[29-May-2020 20:37:17 UTC] PHP   1. {main}() /Users/joselopez/Local Sites/university/app/public/index.php:0
[29-May-2020 20:37:17 UTC] PHP   2. require() /Users/joselopez/Local Sites/university/app/public/index.php:17
[29-May-2020 20:37:17 UTC] PHP   3. require_once() /Users/joselopez/Local Sites/university/app/public/wp-blog-header.php:19
[29-May-2020 20:37:17 UTC] PHP   4. include() /Users/joselopez/Local Sites/university/app/public/wp-includes/template-loader.php:106
[29-May-2020 20:37:17 UTC] PHP   5. get_header() /Users/joselopez/Local Sites/university/app/public/wp-content/themes/newtheme/index.php:3
[29-May-2020 20:37:17 UTC] PHP   6. locate_template() /Users/joselopez/Local Sites/university/app/public/wp-includes/general-template.php:41
[29-May-2020 20:37:17 UTC] PHP   7. load_template() /Users/joselopez/Local Sites/university/app/public/wp-includes/template.php:672
[29-May-2020 20:37:17 UTC] PHP   8. require_once() /Users/joselopez/Local Sites/university/app/public/wp-includes/template.php:723
[29-May-2020 20:37:17 UTC] PHP   9. wp_nav_menu() /Users/joselopez/Local Sites/university/app/public/wp-content/themes/newtheme/header.php:17
[29-May-2020 20:37:17 UTC] PHP  10. wp_get_nav_menu_items() /Users/joselopez/Local Sites/university/app/public/wp-includes/nav-menu-template.php:143
[29-May-2020 20:37:17 UTC] PHP  11. get_posts() /Users/joselopez/Local Sites/university/app/public/wp-includes/nav-menu.php:725
[29-May-2020 20:37:17 UTC] PHP  12. WP_Query->query() /Users/joselopez/Local Sites/university/app/public/wp-includes/post.php:2050
[29-May-2020 20:37:17 UTC] PHP  13. WP_Query->get_posts() /Users/joselopez/Local Sites/university/app/public/wp-includes/class-wp-query.php:3432
[29-May-2020 20:37:17 UTC] PHP  14. do_action_ref_array() /Users/joselopez/Local Sites/university/app/public/wp-includes/class-wp-query.php:1768
[29-May-2020 20:37:17 UTC] PHP  15. WP_Hook->do_action() /Users/joselopez/Local Sites/university/app/public/wp-includes/plugin.php:544
[29-May-2020 20:37:17 UTC] PHP  16. WP_Hook->apply_filters() /Users/joselopez/Local Sites/university/app/public/wp-includes/class-wp-hook.php:311
[29-May-2020 20:37:17 UTC] PHP Warning:  call_user_func_array() expects parameter 1 to be a valid callback, function 'university-adjust-queries' not found or invalid function name in /Users/joselopez/Local Sites/university/app/public/wp-includes/class-wp-hook.php on line 287
[29-May-2020 20:37:17 UTC] PHP Stack trace:
[29-May-2020 20:37:17 UTC] PHP   1. {main}() /Users/joselopez/Local Sites/university/app/public/index.php:0
[29-May-2020 20:37:17 UTC] PHP   2. require() /Users/joselopez/Local Sites/university/app/public/index.php:17
[29-May-2020 20:37:17 UTC] PHP   3. require_once() /Users/joselopez/Local Sites/university/app/public/wp-blog-header.php:19
[29-May-2020 20:37:17 UTC] PHP   4. include() /Users/joselopez/Local Sites/university/app/public/wp-includes/template-loader.php:106
[29-May-2020 20:37:17 UTC] PHP   5. get_footer() /Users/joselopez/Local Sites/university/app/public/wp-content/themes/newtheme/index.php:38
[29-May-2020 20:37:17 UTC] PHP   6. locate_template() /Users/joselopez/Local Sites/university/app/public/wp-includes/general-template.php:76
[29-May-2020 20:37:17 UTC] PHP   7. load_template() /Users/joselopez/Local Sites/university/app/public/wp-includes/template.php:672
[29-May-2020 20:37:17 UTC] PHP   8. require_once() /Users/joselopez/Local Sites/university/app/public/wp-includes/template.php:723
[29-May-2020 20:37:17 UTC] PHP   9. wp_nav_menu() /Users/joselopez/Local Sites/university/app/public/wp-content/themes/newtheme/footer.php:19
[29-May-2020 20:37:17 UTC] PHP  10. wp_get_nav_menu_items() /Users/joselopez/Local Sites/university/app/public/wp-includes/nav-menu-template.php:143
[29-May-2020 20:37:17 UTC] PHP  11. get_posts() /Users/joselopez/Local Sites/university/app/public/wp-includes/nav-menu.php:699
[29-May-2020 20:37:17 UTC] PHP  12. WP_Query->query() /Users/joselopez/Local Sites/university/app/public/wp-includes/post.php:2050
[29-May-2020 20:37:17 UTC] PHP  13. WP_Query->get_posts() /Users/joselopez/Local Sites/university/app/public/wp-includes/class-wp-query.php:3432
[29-May-2020 20:37:17 UTC] PHP  14. do_action_ref_array() /Users/joselopez/Local Sites/university/app/public/wp-includes/class-wp-query.php:1768
[29-May-2020 20:37:17 UTC] PHP  15. WP_Hook->do_action() /Users/joselopez/Local Sites/university/app/public/wp-includes/plugin.php:544
[29-May-2020 20:37:17 UTC] PHP  16. WP_Hook->apply_filters() /Users/joselopez/Local Sites/university/app/public/wp-includes/class-wp-hook.php:311
[29-May-2020 20:37:17 UTC] PHP Warning:  call_user_func_array() expects parameter 1 to be a valid callback, function 'university-adjust-queries' not found or invalid function name in /Users/joselopez/Local Sites/university/app/public/wp-includes/class-wp-hook.php on line 287
[29-May-2020 20:37:17 UTC] PHP Stack trace:
[29-May-2020 20:37:17 UTC] PHP   1. {main}() /Users/joselopez/Local Sites/university/app/public/index.php:0
[29-May-2020 20:37:17 UTC] PHP   2. require() /Users/joselopez/Local Sites/university/app/public/index.php:17
[29-May-2020 20:37:17 UTC] PHP   3. require_once() /Users/joselopez/Local Sites/university/app/public/wp-blog-header.php:19
[29-May-2020 20:37:17 UTC] PHP   4. include() /Users/joselopez/Local Sites/university/app/public/wp-includes/template-loader.php:106
[29-May-2020 20:37:17 UTC] PHP   5. get_footer() /Users/joselopez/Local Sites/university/app/public/wp-content/themes/newtheme/index.php:38
[29-May-2020 20:37:17 UTC] PHP   6. locate_template() /Users/joselopez/Local Sites/university/app/public/wp-includes/general-template.php:76
[29-May-2020 20:37:17 UTC] PHP   7. load_template() /Users/joselopez/Local Sites/university/app/public/wp-includes/template.php:672
[29-May-2020 20:37:17 UTC] PHP   8. require_once() /Users/joselopez/Local Sites/university/app/public/wp-includes/template.php:723
[29-May-2020 20:37:17 UTC] PHP   9. wp_nav_menu() /Users/joselopez/Local Sites/university/app/public/wp-content/themes/newtheme/footer.php:19
[29-May-2020 20:37:17 UTC] PHP  10. wp_get_nav_menu_items() /Users/joselopez/Local Sites/university/app/public/wp-includes/nav-menu-template.php:143
[29-May-2020 20:37:17 UTC] PHP  11. get_posts() /Users/joselopez/Local Sites/university/app/public/wp-includes/nav-menu.php:725
[29-May-2020 20:37:17 UTC] PHP  12. WP_Query->query() /Users/joselopez/Local Sites/university/app/public/wp-includes/post.php:2050
[29-May-2020 20:37:17 UTC] PHP  13. WP_Query->get_posts() /Users/joselopez/Local Sites/university/app/public/wp-includes/class-wp-query.php:3432
[29-May-2020 20:37:17 UTC] PHP  14. do_action_ref_array() /Users/joselopez/Local Sites/university/app/public/wp-includes/class-wp-query.php:1768
[29-May-2020 20:37:17 UTC] PHP  15. WP_Hook->do_action() /Users/joselopez/Local Sites/university/app/public/wp-includes/plugin.php:544
[29-May-2020 20:37:17 UTC] PHP  16. WP_Hook->apply_filters() /Users/joselopez/Local Sites/university/app/public/wp-includes/class-wp-hook.php:311
[29-May-2020 22:47:10 UTC] PHP Fatal error:  Uncaught Exception: DateTime::__construct(): Failed to parse time string (20/07/2020) at position 0 (2): Unexpected character in /Users/joselopez/Local Sites/university/app/public/wp-content/themes/newtheme/front-page.php:41
Stack trace:
#0 /Users/joselopez/Local Sites/university/app/public/wp-content/themes/newtheme/front-page.php(41): DateTime->__construct('20/07/2020')
#1 /Users/joselopez/Local Sites/university/app/public/wp-includes/template-loader.php(106): include('/Users/joselope...')
#2 /Users/joselopez/Local Sites/university/app/public/wp-blog-header.php(19): require_once('/Users/joselope...')
#3 /Users/joselopez/Local Sites/university/app/public/index.php(17): require('/Users/joselope...')
#4 {main}
  thrown in /Users/joselopez/Local Sites/university/app/public/wp-content/themes/newtheme/front-page.php on line 41
[29-May-2020 22:50:51 UTC] PHP Fatal error:  Uncaught Exception: DateTime::__construct(): Failed to parse time string (20/07/2020) at position 0 (2): Unexpected character in /Users/joselopez/Local Sites/university/app/public/wp-content/themes/newtheme/archive-event.php:23
Stack trace:
#0 /Users/joselopez/Local Sites/university/app/public/wp-content/themes/newtheme/archive-event.php(23): DateTime->__construct('20/07/2020')
#1 /Users/joselopez/Local Sites/university/app/public/wp-includes/template-loader.php(106): include('/Users/joselope...')
#2 /Users/joselopez/Local Sites/university/app/public/wp-blog-header.php(19): require_once('/Users/joselope...')
#3 /Users/joselopez/Local Sites/university/app/public/index.php(17): require('/Users/joselope...')
#4 {main}
  thrown in /Users/joselopez/Local Sites/university/app/public/wp-content/themes/newtheme/archive-event.php on line 23
[29-May-2020 22:50:57 UTC] PHP Fatal error:  Uncaught Exception: DateTime::__construct(): Failed to parse time string (20/07/2020) at position 0 (2): Unexpected character in /Users/joselopez/Local Sites/university/app/public/wp-content/themes/newtheme/archive-event.php:23
Stack trace:
#0 /Users/joselopez/Local Sites/university/app/public/wp-content/themes/newtheme/archive-event.php(23): DateTime->__construct('20/07/2020')
#1 /Users/joselopez/Local Sites/university/app/public/wp-includes/template-loader.php(106): include('/Users/joselope...')
#2 /Users/joselopez/Local Sites/university/app/public/wp-blog-header.php(19): require_once('/Users/joselope...')
#3 /Users/joselopez/Local Sites/university/app/public/index.php(17): require('/Users/joselope...')
#4 {main}
  thrown in /Users/joselopez/Local Sites/university/app/public/wp-content/themes/newtheme/archive-event.php on line 23
[29-May-2020 22:50:58 UTC] PHP Fatal error:  Uncaught Exception: DateTime::__construct(): Failed to parse time string (20/07/2020) at position 0 (2): Unexpected character in /Users/joselopez/Local Sites/university/app/public/wp-content/themes/newtheme/archive-event.php:23
Stack trace:
#0 /Users/joselopez/Local Sites/university/app/public/wp-content/themes/newtheme/archive-event.php(23): DateTime->__construct('20/07/2020')
#1 /Users/joselopez/Local Sites/university/app/public/wp-includes/template-loader.php(106): include('/Users/joselope...')
#2 /Users/joselopez/Local Sites/university/app/public/wp-blog-header.php(19): require_once('/Users/joselope...')
#3 /Users/joselopez/Local Sites/university/app/public/index.php(17): require('/Users/joselope...')
#4 {main}
  thrown in /Users/joselopez/Local Sites/university/app/public/wp-content/themes/newtheme/archive-event.php on line 23
[03-Jun-2020 01:19:24 UTC] PHP Fatal error:  Uncaught Exception: DateTime::__construct(): Failed to parse time string (20/07/2020) at position 0 (2): Unexpected character in /Users/joselopez/Local Sites/university/app/public/wp-content/themes/newtheme/front-page.php:41
Stack trace:
#0 /Users/joselopez/Local Sites/university/app/public/wp-content/themes/newtheme/front-page.php(41): DateTime->__construct('20/07/2020')
#1 /Users/joselopez/Local Sites/university/app/public/wp-includes/template-loader.php(106): include('/Users/joselope...')
#2 /Users/joselopez/Local Sites/university/app/public/wp-blog-header.php(19): require_once('/Users/joselope...')
#3 /Users/joselopez/Local Sites/university/app/public/index.php(17): require('/Users/joselope...')
#4 {main}
  thrown in /Users/joselopez/Local Sites/university/app/public/wp-content/themes/newtheme/front-page.php on line 41
[08-Jun-2020 05:55:55 UTC] PHP Fatal error:  Uncaught Exception: DateTime::__construct(): Failed to parse time string (26/11/2020) at position 0 (2): Unexpected character in /Users/joselopez/Local Sites/university/app/public/wp-content/themes/newtheme/single-program.php:52
Stack trace:
#0 /Users/joselopez/Local Sites/university/app/public/wp-content/themes/newtheme/single-program.php(52): DateTime->__construct('26/11/2020')
#1 /Users/joselopez/Local Sites/university/app/public/wp-includes/template-loader.php(106): include('/Users/joselope...')
#2 /Users/joselopez/Local Sites/university/app/public/wp-blog-header.php(19): require_once('/Users/joselope...')
#3 /Users/joselopez/Local Sites/university/app/public/index.php(17): require('/Users/joselope...')
#4 {main}
  thrown in /Users/joselopez/Local Sites/university/app/public/wp-content/themes/newtheme/single-program.php on line 52
[08-Jun-2020 06:01:24 UTC] PHP Parse error:  syntax error, unexpected ';' in /Users/joselopez/Local Sites/university/app/public/wp-content/themes/newtheme/single-program.php on line 47
[09-Jun-2020 17:30:26 UTC] PHP Warning:  An unexpected error occurred. Something may be wrong with WordPress.org or this server&#8217;s configuration. If you continue to have problems, please try the <a href="https://wordpress.org/support/forums/">support forums</a>. (WordPress could not establish a secure connection to WordPress.org. Please contact your server administrator.) in /Users/joselopez/Local Sites/university/app/public/wp-includes/update.php on line 162
[09-Jun-2020 17:30:26 UTC] PHP Stack trace:
[09-Jun-2020 17:30:26 UTC] PHP   1. {main}() /Users/joselopez/Local Sites/university/app/public/wp-cron.php:0
[09-Jun-2020 17:30:26 UTC] PHP   2. do_action_ref_array() /Users/joselopez/Local Sites/university/app/public/wp-cron.php:138
[09-Jun-2020 17:30:26 UTC] PHP   3. WP_Hook->do_action() /Users/joselopez/Local Sites/university/app/public/wp-includes/plugin.php:544
[09-Jun-2020 17:30:26 UTC] PHP   4. WP_Hook->apply_filters() /Users/joselopez/Local Sites/university/app/public/wp-includes/class-wp-hook.php:311
[09-Jun-2020 17:30:26 UTC] PHP   5. wp_version_check() /Users/joselopez/Local Sites/university/app/public/wp-includes/class-wp-hook.php:287
[09-Jun-2020 17:30:26 UTC] PHP   6. trigger_error() /Users/joselopez/Local Sites/university/app/public/wp-includes/update.php:162
[09-Jun-2020 17:30:47 UTC] PHP Warning:  An unexpected error occurred. Something may be wrong with WordPress.org or this server&#8217;s configuration. If you continue to have problems, please try the <a href="https://wordpress.org/support/forums/">support forums</a>. (WordPress could not establish a secure connection to WordPress.org. Please contact your server administrator.) in /Users/joselopez/Local Sites/university/app/public/wp-includes/update.php on line 388
[09-Jun-2020 17:30:47 UTC] PHP Stack trace:
[09-Jun-2020 17:30:47 UTC] PHP   1. {main}() /Users/joselopez/Local Sites/university/app/public/wp-cron.php:0
[09-Jun-2020 17:30:47 UTC] PHP   2. do_action_ref_array() /Users/joselopez/Local Sites/university/app/public/wp-cron.php:138
[09-Jun-2020 17:30:47 UTC] PHP   3. WP_Hook->do_action() /Users/joselopez/Local Sites/university/app/public/wp-includes/plugin.php:544
[09-Jun-2020 17:30:47 UTC] PHP   4. WP_Hook->apply_filters() /Users/joselopez/Local Sites/university/app/public/wp-includes/class-wp-hook.php:311
[09-Jun-2020 17:30:47 UTC] PHP   5. wp_update_plugins() /Users/joselopez/Local Sites/university/app/public/wp-includes/class-wp-hook.php:287
[09-Jun-2020 17:30:47 UTC] PHP   6. trigger_error() /Users/joselopez/Local Sites/university/app/public/wp-includes/update.php:388
[09-Jun-2020 17:31:08 UTC] PHP Warning:  An unexpected error occurred. Something may be wrong with WordPress.org or this server&#8217;s configuration. If you continue to have problems, please try the <a href="https://wordpress.org/support/forums/">support forums</a>. (WordPress could not establish a secure connection to WordPress.org. Please contact your server administrator.) in /Users/joselopez/Local Sites/university/app/public/wp-includes/update.php on line 578
[09-Jun-2020 17:31:08 UTC] PHP Stack trace:
[09-Jun-2020 17:31:08 UTC] PHP   1. {main}() /Users/joselopez/Local Sites/university/app/public/wp-cron.php:0
[09-Jun-2020 17:31:08 UTC] PHP   2. do_action_ref_array() /Users/joselopez/Local Sites/university/app/public/wp-cron.php:138
[09-Jun-2020 17:31:08 UTC] PHP   3. WP_Hook->do_action() /Users/joselopez/Local Sites/university/app/public/wp-includes/plugin.php:544
[09-Jun-2020 17:31:08 UTC] PHP   4. WP_Hook->apply_filters() /Users/joselopez/Local Sites/university/app/public/wp-includes/class-wp-hook.php:311
[09-Jun-2020 17:31:08 UTC] PHP   5. wp_update_themes() /Users/joselopez/Local Sites/university/app/public/wp-includes/class-wp-hook.php:287
[09-Jun-2020 17:31:08 UTC] PHP   6. trigger_error() /Users/joselopez/Local Sites/university/app/public/wp-includes/update.php:578
[15-Jun-2020 05:35:07 UTC] PHP Fatal error:  Uncaught Exception: DateTime::__construct(): Failed to parse time string (26/11/2020) at position 0 (2): Unexpected character in /Users/joselopez/Local Sites/university/app/public/wp-content/themes/newtheme/single-program.php:89
Stack trace:
#0 /Users/joselopez/Local Sites/university/app/public/wp-content/themes/newtheme/single-program.php(89): DateTime->__construct('26/11/2020')
#1 /Users/joselopez/Local Sites/university/app/public/wp-includes/template-loader.php(106): include('/Users/joselope...')
#2 /Users/joselopez/Local Sites/university/app/public/wp-blog-header.php(19): require_once('/Users/joselope...')
#3 /Users/joselopez/Local Sites/university/app/public/index.php(17): require('/Users/joselope...')
#4 {main}
  thrown in /Users/joselopez/Local Sites/university/app/public/wp-content/themes/newtheme/single-program.php on line 89
[15-Jun-2020 05:35:13 UTC] PHP Fatal error:  Uncaught Exception: DateTime::__construct(): Failed to parse time string (26/11/2020) at position 0 (2): Unexpected character in /Users/joselopez/Local Sites/university/app/public/wp-content/themes/newtheme/single-program.php:89
Stack trace:
#0 /Users/joselopez/Local Sites/university/app/public/wp-content/themes/newtheme/single-program.php(89): DateTime->__construct('26/11/2020')
#1 /Users/joselopez/Local Sites/university/app/public/wp-includes/template-loader.php(106): include('/Users/joselope...')
#2 /Users/joselopez/Local Sites/university/app/public/wp-blog-header.php(19): require_once('/Users/joselope...')
#3 /Users/joselopez/Local Sites/university/app/public/index.php(17): require('/Users/joselope...')
#4 {main}
  thrown in /Users/joselopez/Local Sites/university/app/public/wp-content/themes/newtheme/single-program.php on line 89
[15-Jun-2020 05:53:42 UTC] PHP Fatal error:  Uncaught Exception: DateTime::__construct(): Failed to parse time string (26/11/2020) at position 0 (2): Unexpected character in /Users/joselopez/Local Sites/university/app/public/wp-content/themes/newtheme/single-program.php:89
Stack trace:
#0 /Users/joselopez/Local Sites/university/app/public/wp-content/themes/newtheme/single-program.php(89): DateTime->__construct('26/11/2020')
#1 /Users/joselopez/Local Sites/university/app/public/wp-includes/template-loader.php(106): include('/Users/joselope...')
#2 /Users/joselopez/Local Sites/university/app/public/wp-blog-header.php(19): require_once('/Users/joselope...')
#3 /Users/joselopez/Local Sites/university/app/public/index.php(17): require('/Users/joselope...')
#4 {main}
  thrown in /Users/joselopez/Local Sites/university/app/public/wp-content/themes/newtheme/single-program.php on line 89
[15-Jun-2020 06:07:46 UTC] PHP Fatal error:  Uncaught Exception: DateTime::__construct(): Failed to parse time string (20/07/2020) at position 0 (2): Unexpected character in /Users/joselopez/Local Sites/university/app/public/wp-content/themes/newtheme/front-page.php:41
Stack trace:
#0 /Users/joselopez/Local Sites/university/app/public/wp-content/themes/newtheme/front-page.php(41): DateTime->__construct('20/07/2020')
#1 /Users/joselopez/Local Sites/university/app/public/wp-includes/template-loader.php(106): include('/Users/joselope...')
#2 /Users/joselopez/Local Sites/university/app/public/wp-blog-header.php(19): require_once('/Users/joselope...')
#3 /Users/joselopez/Local Sites/university/app/public/index.php(17): require('/Users/joselope...')
#4 {main}
  thrown in /Users/joselopez/Local Sites/university/app/public/wp-content/themes/newtheme/front-page.php on line 41
[15-Jun-2020 06:08:26 UTC] PHP Fatal error:  Uncaught Exception: DateTime::__construct(): Failed to parse time string (26/11/2020) at position 0 (2): Unexpected character in /Users/joselopez/Local Sites/university/app/public/wp-content/themes/newtheme/single-program.php:89
Stack trace:
#0 /Users/joselopez/Local Sites/university/app/public/wp-content/themes/newtheme/single-program.php(89): DateTime->__construct('26/11/2020')
#1 /Users/joselopez/Local Sites/university/app/public/wp-includes/template-loader.php(106): include('/Users/joselope...')
#2 /Users/joselopez/Local Sites/university/app/public/wp-blog-header.php(19): require_once('/Users/joselope...')
#3 /Users/joselopez/Local Sites/university/app/public/index.php(17): require('/Users/joselope...')
#4 {main}
  thrown in /Users/joselopez/Local Sites/university/app/public/wp-content/themes/newtheme/single-program.php on line 89
[15-Jun-2020 06:39:34 UTC] PHP Parse error:  syntax error, unexpected '}' in /Users/joselopez/Local Sites/university/app/public/wp-content/themes/newtheme/functions.php on line 16
[15-Jun-2020 06:39:51 UTC] PHP Parse error:  syntax error, unexpected '}' in /Users/joselopez/Local Sites/university/app/public/wp-content/themes/newtheme/functions.php on line 16
[24-Jun-2020 23:24:32 UTC] PHP Parse error:  syntax error, unexpected ';', expecting ')' in /Users/joselopez/Local Sites/university/app/public/wp-content/themes/newtheme/inc/search-route.php on line 15
